<?xml version="1.0" encoding="UTF-8"?>
<testsuite name="dev.brown.Book.BookApplicationTests" tests="1" skipped="0" failures="0" errors="0" timestamp="2021-05-21T19:49:22" hostname="LTUS147465" time="0.489">
  <properties/>
  <testcase name="contextLoads()" classname="dev.brown.Book.BookApplicationTests" time="0.489"/>
  <system-out><![CDATA[14:49:07.651 [Test worker] DEBUG org.springframework.test.context.BootstrapUtils - Instantiating CacheAwareContextLoaderDelegate from class [org.springframework.test.context.cache.DefaultCacheAwareContextLoaderDelegate]
14:49:07.713 [Test worker] DEBUG org.springframework.test.context.BootstrapUtils - Instantiating BootstrapContext using constructor [public org.springframework.test.context.support.DefaultBootstrapContext(java.lang.Class,org.springframework.test.context.CacheAwareContextLoaderDelegate)]
14:49:07.839 [Test worker] DEBUG org.springframework.test.context.BootstrapUtils - Instantiating TestContextBootstrapper for test class [dev.brown.Book.BookApplicationTests] from class [org.springframework.boot.test.context.SpringBootTestContextBootstrapper]
14:49:07.880 [Test worker] INFO org.springframework.boot.test.context.SpringBootTestContextBootstrapper - Neither @ContextConfiguration nor @ContextHierarchy found for test class [dev.brown.Book.BookApplicationTests], using SpringBootContextLoader
14:49:07.899 [Test worker] DEBUG org.springframework.test.context.support.AbstractContextLoader - Did not detect default resource location for test class [dev.brown.Book.BookApplicationTests]: class path resource [dev/brown/Book/BookApplicationTests-context.xml] does not exist
14:49:07.900 [Test worker] DEBUG org.springframework.test.context.support.AbstractContextLoader - Did not detect default resource location for test class [dev.brown.Book.BookApplicationTests]: class path resource [dev/brown/Book/BookApplicationTestsContext.groovy] does not exist
14:49:07.901 [Test worker] INFO org.springframework.test.context.support.AbstractContextLoader - Could not detect default resource locations for test class [dev.brown.Book.BookApplicationTests]: no resource found for suffixes {-context.xml, Context.groovy}.
14:49:07.903 [Test worker] INFO org.springframework.test.context.support.AnnotationConfigContextLoaderUtils - Could not detect default configuration classes for test class [dev.brown.Book.BookApplicationTests]: BookApplicationTests does not declare any static, non-private, non-final, nested classes annotated with @Configuration.
14:49:08.106 [Test worker] DEBUG org.springframework.test.context.support.ActiveProfilesUtils - Could not find an 'annotation declaring class' for annotation type [org.springframework.test.context.ActiveProfiles] and class [dev.brown.Book.BookApplicationTests]
14:49:08.309 [Test worker] DEBUG org.springframework.context.annotation.ClassPathScanningCandidateComponentProvider - Identified candidate component class: file [C:\Users\2014719\OneDrive - Cognizant\Desktop\book-crud\book\build\classes\java\main\dev\brown\Book\BookApplication.class]
14:49:08.311 [Test worker] INFO org.springframework.boot.test.context.SpringBootTestContextBootstrapper - Found @SpringBootConfiguration dev.brown.Book.BookApplication for test class dev.brown.Book.BookApplicationTests
14:49:08.659 [Test worker] DEBUG org.springframework.boot.test.context.SpringBootTestContextBootstrapper - @TestExecutionListeners is not present for class [dev.brown.Book.BookApplicationTests]: using defaults.
14:49:08.668 [Test worker] INFO org.springframework.boot.test.context.SpringBootTestContextBootstrapper - Loaded default TestExecutionListener class names from location [META-INF/spring.factories]: [org.springframework.boot.test.autoconfigure.restdocs.RestDocsTestExecutionListener, org.springframework.boot.test.autoconfigure.web.client.MockRestServiceServerResetTestExecutionListener, org.springframework.boot.test.autoconfigure.web.servlet.MockMvcPrintOnlyOnFailureTestExecutionListener, org.springframework.boot.test.autoconfigure.web.servlet.WebDriverTestExecutionListener, org.springframework.boot.test.autoconfigure.webservices.client.MockWebServiceServerTestExecutionListener, org.springframework.boot.test.mock.mockito.MockitoTestExecutionListener, org.springframework.boot.test.mock.mockito.ResetMocksTestExecutionListener, org.springframework.test.context.web.ServletTestExecutionListener, org.springframework.test.context.support.DirtiesContextBeforeModesTestExecutionListener, org.springframework.test.context.event.ApplicationEventsTestExecutionListener, org.springframework.test.context.support.DependencyInjectionTestExecutionListener, org.springframework.test.context.support.DirtiesContextTestExecutionListener, org.springframework.test.context.transaction.TransactionalTestExecutionListener, org.springframework.test.context.jdbc.SqlScriptsTestExecutionListener, org.springframework.test.context.event.EventPublishingTestExecutionListener]
14:49:08.785 [Test worker] INFO org.springframework.boot.test.context.SpringBootTestContextBootstrapper - Using TestExecutionListeners: [org.springframework.test.context.web.ServletTestExecutionListener@543a40c2, org.springframework.test.context.support.DirtiesContextBeforeModesTestExecutionListener@3660cd9, org.springframework.test.context.event.ApplicationEventsTestExecutionListener@30ab088b, org.springframework.boot.test.mock.mockito.MockitoTestExecutionListener@786beb4a, org.springframework.boot.test.autoconfigure.SpringBootDependencyInjectionTestExecutionListener@7e5188d5, org.springframework.test.context.support.DirtiesContextTestExecutionListener@4de24302, org.springframework.test.context.transaction.TransactionalTestExecutionListener@2565e565, org.springframework.test.context.jdbc.SqlScriptsTestExecutionListener@2737b38, org.springframework.test.context.event.EventPublishingTestExecutionListener@70965c83, org.springframework.boot.test.autoconfigure.restdocs.RestDocsTestExecutionListener@2fb3fbc0, org.springframework.boot.test.autoconfigure.web.client.MockRestServiceServerResetTestExecutionListener@25776d9e, org.springframework.boot.test.autoconfigure.web.servlet.MockMvcPrintOnlyOnFailureTestExecutionListener@3cc478b3, org.springframework.boot.test.autoconfigure.web.servlet.WebDriverTestExecutionListener@7e7449ec, org.springframework.boot.test.autoconfigure.webservices.client.MockWebServiceServerTestExecutionListener@4e29c019, org.springframework.boot.test.mock.mockito.ResetMocksTestExecutionListener@50ac5fdf]
14:49:08.810 [Test worker] DEBUG org.springframework.test.context.support.AbstractDirtiesContextTestExecutionListener - Before test class: context [DefaultTestContext@226aea43 testClass = BookApplicationTests, testInstance = [null], testMethod = [null], testException = [null], mergedContextConfiguration = [WebMergedContextConfiguration@278b1c1f testClass = BookApplicationTests, locations = '{}', classes = '{class dev.brown.Book.BookApplication}', contextInitializerClasses = '[]', activeProfiles = '{}', propertySourceLocations = '{}', propertySourceProperties = '{org.springframework.boot.test.context.SpringBootTestContextBootstrapper=true}', contextCustomizers = set[org.springframework.boot.test.autoconfigure.actuate.metrics.MetricsExportContextCustomizerFactory$DisableMetricExportContextCustomizer@22b4861d, org.springframework.boot.test.autoconfigure.properties.PropertyMappingContextCustomizer@0, org.springframework.boot.test.autoconfigure.web.servlet.WebDriverContextCustomizerFactory$Customizer@305ecefe, org.springframework.boot.test.context.filter.ExcludeFilterContextCustomizer@6627e01c, org.springframework.boot.test.json.DuplicateJsonObjectContextCustomizerFactory$DuplicateJsonObjectContextCustomizer@40ec3ba, org.springframework.boot.test.mock.mockito.MockitoContextCustomizer@0, org.springframework.boot.test.web.client.TestRestTemplateContextCustomizer@78ec6b3d, org.springframework.boot.test.context.SpringBootTestArgs@1, org.springframework.boot.test.context.SpringBootTestWebEnvironment@52242925], resourceBasePath = 'src/main/webapp', contextLoader = 'org.springframework.boot.test.context.SpringBootContextLoader', parent = [null]], attributes = map['org.springframework.test.context.web.ServletTestExecutionListener.activateListener' -> true]], class annotated with @DirtiesContext [false] with mode [null].
14:49:08.904 [Test worker] DEBUG org.springframework.test.context.support.TestPropertySourceUtils - Adding inlined properties to environment: {spring.jmx.enabled=false, org.springframework.boot.test.context.SpringBootTestContextBootstrapper=true}

  .   ____          _            __ _ _
 /\\ / ___'_ __ _ _(_)_ __  __ _ \ \ \ \
( ( )\___ | '_ | '_| | '_ \/ _` | \ \ \ \
 \\/  ___)| |_)| | | | | || (_| |  ) ) ) )
  '  |____| .__|_| |_|_| |_\__, | / / / /
 =========|_|==============|___/=/_/_/_/
 :: Spring Boot ::                (v2.4.5)

2021-05-21 14:49:09.922  INFO 11884 --- [    Test worker] dev.brown.Book.BookApplicationTests      : Starting BookApplicationTests using Java 11.0.7 on LTUS147465 with PID 11884 (started by 2014719 in C:\Users\2014719\OneDrive - Cognizant\Desktop\book-crud\book)
2021-05-21 14:49:09.928  INFO 11884 --- [    Test worker] dev.brown.Book.BookApplicationTests      : No active profile set, falling back to default profiles: default
2021-05-21 14:49:10.107  WARN 11884 --- [    Test worker] o.s.b.c.config.ConfigDataEnvironment     : Property 'spring.profiles' imported from location 'class path resource [application.yaml]' is invalid and should be replaced with 'spring.config.activate.on-profile' [origin: class path resource [application.yaml] - 33:13]
2021-05-21 14:49:10.107  WARN 11884 --- [    Test worker] o.s.b.c.config.ConfigDataEnvironment     : Property 'spring.profiles' imported from location 'class path resource [application.yaml]' is invalid and should be replaced with 'spring.config.activate.on-profile' [origin: class path resource [application.yaml] - 28:13]
2021-05-21 14:49:10.108  WARN 11884 --- [    Test worker] o.s.b.c.config.ConfigDataEnvironment     : Property 'spring.profiles' imported from location 'class path resource [application.yaml]' is invalid and should be replaced with 'spring.config.activate.on-profile' [origin: class path resource [application.yaml] - 22:13]
2021-05-21 14:49:11.726  INFO 11884 --- [    Test worker] .s.d.r.c.RepositoryConfigurationDelegate : Bootstrapping Spring Data JPA repositories in DEFAULT mode.
2021-05-21 14:49:11.852  INFO 11884 --- [    Test worker] .s.d.r.c.RepositoryConfigurationDelegate : Finished Spring Data repository scanning in 103 ms. Found 1 JPA repository interfaces.
2021-05-21 14:49:13.709  INFO 11884 --- [    Test worker] com.zaxxer.hikari.HikariDataSource       : HikariPool-1 - Starting...
2021-05-21 14:49:14.418  INFO 11884 --- [    Test worker] com.zaxxer.hikari.HikariDataSource       : HikariPool-1 - Start completed.
2021-05-21 14:49:14.971  INFO 11884 --- [    Test worker] o.hibernate.jpa.internal.util.LogHelper  : HHH000204: Processing PersistenceUnitInfo [name: default]
2021-05-21 14:49:15.194  INFO 11884 --- [    Test worker] org.hibernate.Version                    : HHH000412: Hibernate ORM core version 5.4.30.Final
2021-05-21 14:49:15.724  INFO 11884 --- [    Test worker] o.hibernate.annotations.common.Version   : HCANN000001: Hibernate Commons Annotations {5.1.2.Final}
2021-05-21 14:49:16.290  INFO 11884 --- [    Test worker] org.hibernate.dialect.Dialect            : HHH000400: Using dialect: org.hibernate.dialect.H2Dialect
2021-05-21 14:49:18.119  INFO 11884 --- [    Test worker] o.h.e.t.j.p.i.JtaPlatformInitiator       : HHH000490: Using JtaPlatform implementation: [org.hibernate.engine.transaction.jta.platform.internal.NoJtaPlatform]
2021-05-21 14:49:18.148  INFO 11884 --- [    Test worker] j.LocalContainerEntityManagerFactoryBean : Initialized JPA EntityManagerFactory for persistence unit 'default'
2021-05-21 14:49:20.338  WARN 11884 --- [    Test worker] JpaBaseConfiguration$JpaWebConfiguration : spring.jpa.open-in-view is enabled by default. Therefore, database queries may be performed during view rendering. Explicitly configure spring.jpa.open-in-view to disable this warning
2021-05-21 14:49:21.471  INFO 11884 --- [    Test worker] o.s.s.concurrent.ThreadPoolTaskExecutor  : Initializing ExecutorService 'applicationTaskExecutor'
2021-05-21 14:49:21.645  INFO 11884 --- [    Test worker] o.s.b.a.h2.H2ConsoleAutoConfiguration    : H2 console available at '/h2'. Database available at 'jdbc:h2:file:~/test'
2021-05-21 14:49:22.661  INFO 11884 --- [    Test worker] dev.brown.Book.BookApplicationTests      : Started BookApplicationTests in 13.738 seconds (JVM running for 18.162)
]]></system-out>
  <system-err><![CDATA[]]></system-err>
</testsuite>
