<?xml version="1.0" encoding="UTF-8"?>
<testsuite name="dev.brown.Book.servicetests.BookServiceTests" tests="5" skipped="0" failures="0" errors="0" timestamp="2021-05-21T19:49:28" hostname="LTUS147465" time="0.132">
  <properties/>
  <testcase name="get_books_by_condition()" classname="dev.brown.Book.servicetests.BookServiceTests" time="0.011"/>
  <testcase name="get_all_books()" classname="dev.brown.Book.servicetests.BookServiceTests" time="0.027"/>
  <testcase name="get_books_by_title()" classname="dev.brown.Book.servicetests.BookServiceTests" time="0.014"/>
  <testcase name="get_books_by_author()" classname="dev.brown.Book.servicetests.BookServiceTests" time="0.012"/>
  <testcase name="get_book_by_id()" classname="dev.brown.Book.servicetests.BookServiceTests" time="0.015"/>
  <system-out><![CDATA[2021-05-21 14:49:28.548  INFO 11884 --- [    Test worker] .b.t.c.SpringBootTestContextBootstrapper : Neither @ContextConfiguration nor @ContextHierarchy found for test class [dev.brown.Book.servicetests.BookServiceTests], using SpringBootContextLoader
2021-05-21 14:49:28.550  INFO 11884 --- [    Test worker] o.s.t.c.support.AbstractContextLoader    : Could not detect default resource locations for test class [dev.brown.Book.servicetests.BookServiceTests]: no resource found for suffixes {-context.xml, Context.groovy}.
2021-05-21 14:49:28.551  INFO 11884 --- [    Test worker] t.c.s.AnnotationConfigContextLoaderUtils : Could not detect default configuration classes for test class [dev.brown.Book.servicetests.BookServiceTests]: BookServiceTests does not declare any static, non-private, non-final, nested classes annotated with @Configuration.
2021-05-21 14:49:28.587  INFO 11884 --- [    Test worker] .b.t.c.SpringBootTestContextBootstrapper : Found @SpringBootConfiguration dev.brown.Book.BookApplication for test class dev.brown.Book.servicetests.BookServiceTests
2021-05-21 14:49:28.591  INFO 11884 --- [    Test worker] .b.t.c.SpringBootTestContextBootstrapper : Loaded default TestExecutionListener class names from location [META-INF/spring.factories]: [org.springframework.boot.test.autoconfigure.restdocs.RestDocsTestExecutionListener, org.springframework.boot.test.autoconfigure.web.client.MockRestServiceServerResetTestExecutionListener, org.springframework.boot.test.autoconfigure.web.servlet.MockMvcPrintOnlyOnFailureTestExecutionListener, org.springframework.boot.test.autoconfigure.web.servlet.WebDriverTestExecutionListener, org.springframework.boot.test.autoconfigure.webservices.client.MockWebServiceServerTestExecutionListener, org.springframework.boot.test.mock.mockito.MockitoTestExecutionListener, org.springframework.boot.test.mock.mockito.ResetMocksTestExecutionListener, org.springframework.test.context.web.ServletTestExecutionListener, org.springframework.test.context.support.DirtiesContextBeforeModesTestExecutionListener, org.springframework.test.context.event.ApplicationEventsTestExecutionListener, org.springframework.test.context.support.DependencyInjectionTestExecutionListener, org.springframework.test.context.support.DirtiesContextTestExecutionListener, org.springframework.test.context.transaction.TransactionalTestExecutionListener, org.springframework.test.context.jdbc.SqlScriptsTestExecutionListener, org.springframework.test.context.event.EventPublishingTestExecutionListener]
2021-05-21 14:49:28.592  INFO 11884 --- [    Test worker] .b.t.c.SpringBootTestContextBootstrapper : Using TestExecutionListeners: [org.springframework.test.context.web.ServletTestExecutionListener@23afe1b1, org.springframework.test.context.support.DirtiesContextBeforeModesTestExecutionListener@2800100e, org.springframework.test.context.event.ApplicationEventsTestExecutionListener@18e0cea2, org.springframework.boot.test.mock.mockito.MockitoTestExecutionListener@68c22def, org.springframework.boot.test.autoconfigure.SpringBootDependencyInjectionTestExecutionListener@343cfb2f, org.springframework.test.context.support.DirtiesContextTestExecutionListener@1c940dc6, org.springframework.test.context.transaction.TransactionalTestExecutionListener@21f5528, org.springframework.test.context.jdbc.SqlScriptsTestExecutionListener@7b4bbdd1, org.springframework.test.context.event.EventPublishingTestExecutionListener@28fdd414, org.springframework.boot.test.autoconfigure.restdocs.RestDocsTestExecutionListener@143b16f0, org.springframework.boot.test.autoconfigure.web.client.MockRestServiceServerResetTestExecutionListener@6cf5b74a, org.springframework.boot.test.autoconfigure.web.servlet.MockMvcPrintOnlyOnFailureTestExecutionListener@4a762a30, org.springframework.boot.test.autoconfigure.web.servlet.WebDriverTestExecutionListener@ced0a1e, org.springframework.boot.test.autoconfigure.webservices.client.MockWebServiceServerTestExecutionListener@40ad01e5, org.springframework.boot.test.mock.mockito.ResetMocksTestExecutionListener@123a15d]
]]></system-out>
  <system-err><![CDATA[]]></system-err>
</testsuite>
