<?xml version="1.0" encoding="UTF-8"?>
<testsuite name="dev.brown.Book.repotests.BookRepoTests" tests="5" skipped="0" failures="0" errors="0" timestamp="2021-05-21T19:49:28" hostname="LTUS147465" time="0.17">
  <properties/>
  <testcase name="get_books_by_condition()" classname="dev.brown.Book.repotests.BookRepoTests" time="0.063"/>
  <testcase name="get_all_books()" classname="dev.brown.Book.repotests.BookRepoTests" time="0.031"/>
  <testcase name="get_books_by_title()" classname="dev.brown.Book.repotests.BookRepoTests" time="0.014"/>
  <testcase name="get_books_by_author()" classname="dev.brown.Book.repotests.BookRepoTests" time="0.042"/>
  <testcase name="get_book_by_id()" classname="dev.brown.Book.repotests.BookRepoTests" time="0.012"/>
  <system-out><![CDATA[2021-05-21 14:49:28.337  INFO 11884 --- [    Test worker] .b.t.c.SpringBootTestContextBootstrapper : Neither @ContextConfiguration nor @ContextHierarchy found for test class [dev.brown.Book.repotests.BookRepoTests], using SpringBootContextLoader
2021-05-21 14:49:28.341  INFO 11884 --- [    Test worker] o.s.t.c.support.AbstractContextLoader    : Could not detect default resource locations for test class [dev.brown.Book.repotests.BookRepoTests]: no resource found for suffixes {-context.xml, Context.groovy}.
2021-05-21 14:49:28.341  INFO 11884 --- [    Test worker] t.c.s.AnnotationConfigContextLoaderUtils : Could not detect default configuration classes for test class [dev.brown.Book.repotests.BookRepoTests]: BookRepoTests does not declare any static, non-private, non-final, nested classes annotated with @Configuration.
2021-05-21 14:49:28.357  INFO 11884 --- [    Test worker] .b.t.c.SpringBootTestContextBootstrapper : Found @SpringBootConfiguration dev.brown.Book.BookApplication for test class dev.brown.Book.repotests.BookRepoTests
2021-05-21 14:49:28.363  INFO 11884 --- [    Test worker] .b.t.c.SpringBootTestContextBootstrapper : Loaded default TestExecutionListener class names from location [META-INF/spring.factories]: [org.springframework.boot.test.autoconfigure.restdocs.RestDocsTestExecutionListener, org.springframework.boot.test.autoconfigure.web.client.MockRestServiceServerResetTestExecutionListener, org.springframework.boot.test.autoconfigure.web.servlet.MockMvcPrintOnlyOnFailureTestExecutionListener, org.springframework.boot.test.autoconfigure.web.servlet.WebDriverTestExecutionListener, org.springframework.boot.test.autoconfigure.webservices.client.MockWebServiceServerTestExecutionListener, org.springframework.boot.test.mock.mockito.MockitoTestExecutionListener, org.springframework.boot.test.mock.mockito.ResetMocksTestExecutionListener, org.springframework.test.context.web.ServletTestExecutionListener, org.springframework.test.context.support.DirtiesContextBeforeModesTestExecutionListener, org.springframework.test.context.event.ApplicationEventsTestExecutionListener, org.springframework.test.context.support.DependencyInjectionTestExecutionListener, org.springframework.test.context.support.DirtiesContextTestExecutionListener, org.springframework.test.context.transaction.TransactionalTestExecutionListener, org.springframework.test.context.jdbc.SqlScriptsTestExecutionListener, org.springframework.test.context.event.EventPublishingTestExecutionListener]
2021-05-21 14:49:28.364  INFO 11884 --- [    Test worker] .b.t.c.SpringBootTestContextBootstrapper : Using TestExecutionListeners: [org.springframework.test.context.web.ServletTestExecutionListener@4d6f9f17, org.springframework.test.context.support.DirtiesContextBeforeModesTestExecutionListener@42551924, org.springframework.test.context.event.ApplicationEventsTestExecutionListener@78d4680b, org.springframework.boot.test.mock.mockito.MockitoTestExecutionListener@56334206, org.springframework.boot.test.autoconfigure.SpringBootDependencyInjectionTestExecutionListener@6715f8f0, org.springframework.test.context.support.DirtiesContextTestExecutionListener@de3410f, org.springframework.test.context.transaction.TransactionalTestExecutionListener@56acf488, org.springframework.test.context.jdbc.SqlScriptsTestExecutionListener@1a43af29, org.springframework.test.context.event.EventPublishingTestExecutionListener@52d916e9, org.springframework.boot.test.autoconfigure.restdocs.RestDocsTestExecutionListener@45a5de84, org.springframework.boot.test.autoconfigure.web.client.MockRestServiceServerResetTestExecutionListener@749c6a0c, org.springframework.boot.test.autoconfigure.web.servlet.MockMvcPrintOnlyOnFailureTestExecutionListener@7321b951, org.springframework.boot.test.autoconfigure.web.servlet.WebDriverTestExecutionListener@69559782, org.springframework.boot.test.autoconfigure.webservices.client.MockWebServiceServerTestExecutionListener@26f25d2, org.springframework.boot.test.mock.mockito.ResetMocksTestExecutionListener@1534f399]
]]></system-out>
  <system-err><![CDATA[]]></system-err>
</testsuite>
