<?xml version="1.0" encoding="UTF-8"?>
<testsuite name="dev.brown.Book.repotests.BookRepoTests" tests="5" skipped="0" failures="0" errors="0" timestamp="2021-05-21T20:06:50" hostname="LTUS147465" time="0.093">
  <properties/>
  <testcase name="get_books_by_condition()" classname="dev.brown.Book.repotests.BookRepoTests" time="0.046"/>
  <testcase name="get_all_books()" classname="dev.brown.Book.repotests.BookRepoTests" time="0.012"/>
  <testcase name="get_books_by_title()" classname="dev.brown.Book.repotests.BookRepoTests" time="0.014"/>
  <testcase name="get_books_by_author()" classname="dev.brown.Book.repotests.BookRepoTests" time="0.009"/>
  <testcase name="get_book_by_id()" classname="dev.brown.Book.repotests.BookRepoTests" time="0.007"/>
  <system-out><![CDATA[2021-05-21 15:06:50.792  INFO 11888 --- [    Test worker] .b.t.c.SpringBootTestContextBootstrapper : Neither @ContextConfiguration nor @ContextHierarchy found for test class [dev.brown.Book.repotests.BookRepoTests], using SpringBootContextLoader
2021-05-21 15:06:50.793  INFO 11888 --- [    Test worker] o.s.t.c.support.AbstractContextLoader    : Could not detect default resource locations for test class [dev.brown.Book.repotests.BookRepoTests]: no resource found for suffixes {-context.xml, Context.groovy}.
2021-05-21 15:06:50.794  INFO 11888 --- [    Test worker] t.c.s.AnnotationConfigContextLoaderUtils : Could not detect default configuration classes for test class [dev.brown.Book.repotests.BookRepoTests]: BookRepoTests does not declare any static, non-private, non-final, nested classes annotated with @Configuration.
2021-05-21 15:06:50.807  INFO 11888 --- [    Test worker] .b.t.c.SpringBootTestContextBootstrapper : Found @SpringBootConfiguration dev.brown.Book.BookApplication for test class dev.brown.Book.repotests.BookRepoTests
2021-05-21 15:06:50.810  INFO 11888 --- [    Test worker] .b.t.c.SpringBootTestContextBootstrapper : Loaded default TestExecutionListener class names from location [META-INF/spring.factories]: [org.springframework.boot.test.autoconfigure.restdocs.RestDocsTestExecutionListener, org.springframework.boot.test.autoconfigure.web.client.MockRestServiceServerResetTestExecutionListener, org.springframework.boot.test.autoconfigure.web.servlet.MockMvcPrintOnlyOnFailureTestExecutionListener, org.springframework.boot.test.autoconfigure.web.servlet.WebDriverTestExecutionListener, org.springframework.boot.test.autoconfigure.webservices.client.MockWebServiceServerTestExecutionListener, org.springframework.boot.test.mock.mockito.MockitoTestExecutionListener, org.springframework.boot.test.mock.mockito.ResetMocksTestExecutionListener, org.springframework.test.context.web.ServletTestExecutionListener, org.springframework.test.context.support.DirtiesContextBeforeModesTestExecutionListener, org.springframework.test.context.event.ApplicationEventsTestExecutionListener, org.springframework.test.context.support.DependencyInjectionTestExecutionListener, org.springframework.test.context.support.DirtiesContextTestExecutionListener, org.springframework.test.context.transaction.TransactionalTestExecutionListener, org.springframework.test.context.jdbc.SqlScriptsTestExecutionListener, org.springframework.test.context.event.EventPublishingTestExecutionListener]
2021-05-21 15:06:50.810  INFO 11888 --- [    Test worker] .b.t.c.SpringBootTestContextBootstrapper : Using TestExecutionListeners: [org.springframework.test.context.web.ServletTestExecutionListener@1fd72e9c, org.springframework.test.context.support.DirtiesContextBeforeModesTestExecutionListener@1c5789d3, org.springframework.test.context.event.ApplicationEventsTestExecutionListener@6a3f1d5c, org.springframework.boot.test.mock.mockito.MockitoTestExecutionListener@557101a4, org.springframework.boot.test.autoconfigure.SpringBootDependencyInjectionTestExecutionListener@73f47658, org.springframework.test.context.support.DirtiesContextTestExecutionListener@534d60e4, org.springframework.test.context.transaction.TransactionalTestExecutionListener@410a422c, org.springframework.test.context.jdbc.SqlScriptsTestExecutionListener@1c2b0788, org.springframework.test.context.event.EventPublishingTestExecutionListener@4c3de4e3, org.springframework.boot.test.autoconfigure.restdocs.RestDocsTestExecutionListener@744ff7c0, org.springframework.boot.test.autoconfigure.web.client.MockRestServiceServerResetTestExecutionListener@67c7d047, org.springframework.boot.test.autoconfigure.web.servlet.MockMvcPrintOnlyOnFailureTestExecutionListener@23148c70, org.springframework.boot.test.autoconfigure.web.servlet.WebDriverTestExecutionListener@2d7e0d, org.springframework.boot.test.autoconfigure.webservices.client.MockWebServiceServerTestExecutionListener@b57683f, org.springframework.boot.test.mock.mockito.ResetMocksTestExecutionListener@524bc4fa]
]]></system-out>
  <system-err><![CDATA[]]></system-err>
</testsuite>
