<?xml version="1.0" encoding="UTF-8"?>
<testsuite name="dev.brown.Book.controllertests.BookControllerTests" tests="5" skipped="0" failures="0" errors="0" timestamp="2021-05-24T01:42:22" hostname="DESKTOP-422FLEC" time="0.598">
  <properties/>
  <testcase name="get_books_by_condition()" classname="dev.brown.Book.controllertests.BookControllerTests" time="0.47"/>
  <testcase name="get_all_books()" classname="dev.brown.Book.controllertests.BookControllerTests" time="0.041"/>
  <testcase name="get_books_by_title()" classname="dev.brown.Book.controllertests.BookControllerTests" time="0.028"/>
  <testcase name="get_books_by_author()" classname="dev.brown.Book.controllertests.BookControllerTests" time="0.018"/>
  <testcase name="get_book_by_id()" classname="dev.brown.Book.controllertests.BookControllerTests" time="0.035"/>
  <system-out><![CDATA[2021-05-23 20:42:21.004  INFO 5332 --- [    Test worker] .b.t.c.SpringBootTestContextBootstrapper : Neither @ContextConfiguration nor @ContextHierarchy found for test class [dev.brown.Book.controllertests.BookControllerTests], using SpringBootContextLoader
2021-05-23 20:42:21.006  INFO 5332 --- [    Test worker] o.s.t.c.support.AbstractContextLoader    : Could not detect default resource locations for test class [dev.brown.Book.controllertests.BookControllerTests]: no resource found for suffixes {-context.xml, Context.groovy}.
2021-05-23 20:42:21.007  INFO 5332 --- [    Test worker] t.c.s.AnnotationConfigContextLoaderUtils : Could not detect default configuration classes for test class [dev.brown.Book.controllertests.BookControllerTests]: BookControllerTests does not declare any static, non-private, non-final, nested classes annotated with @Configuration.
2021-05-23 20:42:21.039  INFO 5332 --- [    Test worker] .b.t.c.SpringBootTestContextBootstrapper : Found @SpringBootConfiguration dev.brown.Book.BookApplication for test class dev.brown.Book.controllertests.BookControllerTests
2021-05-23 20:42:21.047  INFO 5332 --- [    Test worker] .b.t.c.SpringBootTestContextBootstrapper : Loaded default TestExecutionListener class names from location [META-INF/spring.factories]: [org.springframework.boot.test.autoconfigure.restdocs.RestDocsTestExecutionListener, org.springframework.boot.test.autoconfigure.web.client.MockRestServiceServerResetTestExecutionListener, org.springframework.boot.test.autoconfigure.web.servlet.MockMvcPrintOnlyOnFailureTestExecutionListener, org.springframework.boot.test.autoconfigure.web.servlet.WebDriverTestExecutionListener, org.springframework.boot.test.autoconfigure.webservices.client.MockWebServiceServerTestExecutionListener, org.springframework.boot.test.mock.mockito.MockitoTestExecutionListener, org.springframework.boot.test.mock.mockito.ResetMocksTestExecutionListener, org.springframework.test.context.web.ServletTestExecutionListener, org.springframework.test.context.support.DirtiesContextBeforeModesTestExecutionListener, org.springframework.test.context.event.ApplicationEventsTestExecutionListener, org.springframework.test.context.support.DependencyInjectionTestExecutionListener, org.springframework.test.context.support.DirtiesContextTestExecutionListener, org.springframework.test.context.transaction.TransactionalTestExecutionListener, org.springframework.test.context.jdbc.SqlScriptsTestExecutionListener, org.springframework.test.context.event.EventPublishingTestExecutionListener]
2021-05-23 20:42:21.051  INFO 5332 --- [    Test worker] .b.t.c.SpringBootTestContextBootstrapper : Using TestExecutionListeners: [org.springframework.test.context.web.ServletTestExecutionListener@1bbbeb7f, org.springframework.test.context.support.DirtiesContextBeforeModesTestExecutionListener@18fac8d3, org.springframework.test.context.event.ApplicationEventsTestExecutionListener@7affe9c7, org.springframework.boot.test.mock.mockito.MockitoTestExecutionListener@3b5da4bd, org.springframework.boot.test.autoconfigure.SpringBootDependencyInjectionTestExecutionListener@7f7950ba, org.springframework.test.context.support.DirtiesContextTestExecutionListener@310ba3d6, org.springframework.test.context.transaction.TransactionalTestExecutionListener@343fc5e1, org.springframework.test.context.jdbc.SqlScriptsTestExecutionListener@6291e797, org.springframework.test.context.event.EventPublishingTestExecutionListener@575897ff, org.springframework.boot.test.autoconfigure.restdocs.RestDocsTestExecutionListener@3b219bd1, org.springframework.boot.test.autoconfigure.web.client.MockRestServiceServerResetTestExecutionListener@717b4199, org.springframework.boot.test.autoconfigure.web.servlet.MockMvcPrintOnlyOnFailureTestExecutionListener@1c3bbd7e, org.springframework.boot.test.autoconfigure.web.servlet.WebDriverTestExecutionListener@f4f2669, org.springframework.boot.test.autoconfigure.webservices.client.MockWebServiceServerTestExecutionListener@3887cb42, org.springframework.boot.test.mock.mockito.ResetMocksTestExecutionListener@135b3242]

  .   ____          _            __ _ _
 /\\ / ___'_ __ _ _(_)_ __  __ _ \ \ \ \
( ( )\___ | '_ | '_| | '_ \/ _` | \ \ \ \
 \\/  ___)| |_)| | | | | || (_| |  ) ) ) )
  '  |____| .__|_| |_|_| |_\__, | / / / /
 =========|_|==============|___/=/_/_/_/
 :: Spring Boot ::                (v2.4.5)

2021-05-23 20:42:21.145  INFO 5332 --- [    Test worker] d.b.B.c.BookControllerTests              : Starting BookControllerTests using Java 11.0.9.1 on DESKTOP-422FLEC with PID 5332 (started by patty in C:\Users\patty\Desktop\LibraryManagementSystem\book-crud)
2021-05-23 20:42:21.148  INFO 5332 --- [    Test worker] d.b.B.c.BookControllerTests              : No active profile set, falling back to default profiles: default
2021-05-23 20:42:21.157  WARN 5332 --- [    Test worker] o.s.b.c.config.ConfigDataEnvironment     : Property 'spring.profiles' imported from location 'class path resource [application.yaml]' is invalid and should be replaced with 'spring.config.activate.on-profile' [origin: class path resource [application.yaml] - 33:13]
2021-05-23 20:42:21.157  WARN 5332 --- [    Test worker] o.s.b.c.config.ConfigDataEnvironment     : Property 'spring.profiles' imported from location 'class path resource [application.yaml]' is invalid and should be replaced with 'spring.config.activate.on-profile' [origin: class path resource [application.yaml] - 28:13]
2021-05-23 20:42:21.157  WARN 5332 --- [    Test worker] o.s.b.c.config.ConfigDataEnvironment     : Property 'spring.profiles' imported from location 'class path resource [application.yaml]' is invalid and should be replaced with 'spring.config.activate.on-profile' [origin: class path resource [application.yaml] - 22:13]
2021-05-23 20:42:21.510  INFO 5332 --- [    Test worker] .s.d.r.c.RepositoryConfigurationDelegate : Bootstrapping Spring Data JPA repositories in DEFAULT mode.
2021-05-23 20:42:21.523  INFO 5332 --- [    Test worker] .s.d.r.c.RepositoryConfigurationDelegate : Finished Spring Data repository scanning in 12 ms. Found 1 JPA repository interfaces.
2021-05-23 20:42:21.746  INFO 5332 --- [    Test worker] com.zaxxer.hikari.HikariDataSource       : HikariPool-2 - Starting...
2021-05-23 20:42:21.748  INFO 5332 --- [    Test worker] com.zaxxer.hikari.HikariDataSource       : HikariPool-2 - Start completed.
2021-05-23 20:42:21.838  INFO 5332 --- [    Test worker] o.hibernate.jpa.internal.util.LogHelper  : HHH000204: Processing PersistenceUnitInfo [name: default]
2021-05-23 20:42:21.854  INFO 5332 --- [    Test worker] org.hibernate.dialect.Dialect            : HHH000400: Using dialect: org.hibernate.dialect.H2Dialect
2021-05-23 20:42:21.901  INFO 5332 --- [    Test worker] o.h.e.t.j.p.i.JtaPlatformInitiator       : HHH000490: Using JtaPlatform implementation: [org.hibernate.engine.transaction.jta.platform.internal.NoJtaPlatform]
2021-05-23 20:42:21.902  INFO 5332 --- [    Test worker] j.LocalContainerEntityManagerFactoryBean : Initialized JPA EntityManagerFactory for persistence unit 'default'
2021-05-23 20:42:22.206  WARN 5332 --- [    Test worker] JpaBaseConfiguration$JpaWebConfiguration : spring.jpa.open-in-view is enabled by default. Therefore, database queries may be performed during view rendering. Explicitly configure spring.jpa.open-in-view to disable this warning
2021-05-23 20:42:22.363  INFO 5332 --- [    Test worker] o.s.s.concurrent.ThreadPoolTaskExecutor  : Initializing ExecutorService 'applicationTaskExecutor'
2021-05-23 20:42:22.388  INFO 5332 --- [    Test worker] o.s.b.a.h2.H2ConsoleAutoConfiguration    : H2 console available at '/h2'. Database available at 'jdbc:h2:file:~/test'
2021-05-23 20:42:22.761  INFO 5332 --- [    Test worker] o.s.b.t.m.w.SpringBootMockServletContext : Initializing Spring TestDispatcherServlet ''
2021-05-23 20:42:22.761  INFO 5332 --- [    Test worker] o.s.t.web.servlet.TestDispatcherServlet  : Initializing Servlet ''
2021-05-23 20:42:22.764  INFO 5332 --- [    Test worker] o.s.t.web.servlet.TestDispatcherServlet  : Completed initialization in 3 ms
2021-05-23 20:42:22.779  INFO 5332 --- [    Test worker] d.b.B.c.BookControllerTests              : Started BookControllerTests in 1.723 seconds (JVM running for 11.364)
[{"bookId":1,"title":"Harry Potter and the Sorcerers Stone","author":"J. K. Rowling","condition":2},{"bookId":3,"title":"Where the Red Fern Grows","author":"Wilson Rawls","condition":2},{"bookId":4,"title":"Harry Potter and the Goblet of Fire","author":"J. K. Rowling","condition":2},{"bookId":6,"title":"To Kill A Mockingbird","author":"Harper Lee","condition":2}]

MockHttpServletRequest:
      HTTP Method = GET
      Request URI = /books
       Parameters = {}
          Headers = [Accept:"application/json"]
             Body = null
    Session Attrs = {}

Handler:
             Type = dev.brown.Book.controller.BookController
           Method = dev.brown.Book.controller.BookController#getAllBooks(String, String, Integer)

Async:
    Async started = false
     Async result = null

Resolved Exception:
             Type = null

ModelAndView:
        View name = null
             View = null
            Model = null

FlashMap:
       Attributes = null

MockHttpServletResponse:
           Status = 200
    Error message = null
          Headers = [Content-Type:"application/json"]
     Content type = application/json
             Body = [{"bookId":1,"title":"Harry Potter and the Sorcerers Stone","author":"J. K. Rowling","condition":2},{"bookId":2,"title":"To Kill A Mockingbird","author":"Harper Lee","condition":3},{"bookId":3,"title":"Where the Red Fern Grows","author":"Wilson Rawls","condition":2},{"bookId":4,"title":"Harry Potter and the Goblet of Fire","author":"J. K. Rowling","condition":2},{"bookId":5,"title":"Harry Potter and the Chamber of Secrets","author":"J. K. Rowling","condition":3},{"bookId":6,"title":"To Kill A Mockingbird","author":"Harper Lee","condition":2}]
    Forwarded URL = null
   Redirected URL = null
          Cookies = []
[{"bookId":1,"title":"Harry Potter and the Sorcerers Stone","author":"J. K. Rowling","condition":2},{"bookId":2,"title":"To Kill A Mockingbird","author":"Harper Lee","condition":3},{"bookId":3,"title":"Where the Red Fern Grows","author":"Wilson Rawls","condition":2},{"bookId":4,"title":"Harry Potter and the Goblet of Fire","author":"J. K. Rowling","condition":2},{"bookId":5,"title":"Harry Potter and the Chamber of Secrets","author":"J. K. Rowling","condition":3},{"bookId":6,"title":"To Kill A Mockingbird","author":"Harper Lee","condition":2}]
[{"bookId":2,"title":"To Kill A Mockingbird","author":"Harper Lee","condition":3},{"bookId":6,"title":"To Kill A Mockingbird","author":"Harper Lee","condition":2}]
[{"bookId":1,"title":"Harry Potter and the Sorcerers Stone","author":"J. K. Rowling","condition":2},{"bookId":4,"title":"Harry Potter and the Goblet of Fire","author":"J. K. Rowling","condition":2},{"bookId":5,"title":"Harry Potter and the Chamber of Secrets","author":"J. K. Rowling","condition":3}]
{"bookId":2,"title":"To Kill A Mockingbird","author":"Harper Lee","condition":3}
]]></system-out>
  <system-err><![CDATA[]]></system-err>
</testsuite>
