<?xml version="1.0" encoding="UTF-8"?>
<testsuite name="dev.brown.Book.servicetests.BookServiceTests" tests="5" skipped="0" failures="0" errors="0" timestamp="2021-05-24T01:42:23" hostname="DESKTOP-422FLEC" time="0.057">
  <properties/>
  <testcase name="get_books_by_condition()" classname="dev.brown.Book.servicetests.BookServiceTests" time="0.009"/>
  <testcase name="get_all_books()" classname="dev.brown.Book.servicetests.BookServiceTests" time="0.011"/>
  <testcase name="get_books_by_title()" classname="dev.brown.Book.servicetests.BookServiceTests" time="0.012"/>
  <testcase name="get_books_by_author()" classname="dev.brown.Book.servicetests.BookServiceTests" time="0.009"/>
  <testcase name="get_book_by_id()" classname="dev.brown.Book.servicetests.BookServiceTests" time="0.009"/>
  <system-out><![CDATA[2021-05-23 20:42:23.522  INFO 5332 --- [    Test worker] .b.t.c.SpringBootTestContextBootstrapper : Neither @ContextConfiguration nor @ContextHierarchy found for test class [dev.brown.Book.servicetests.BookServiceTests], using SpringBootContextLoader
2021-05-23 20:42:23.524  INFO 5332 --- [    Test worker] o.s.t.c.support.AbstractContextLoader    : Could not detect default resource locations for test class [dev.brown.Book.servicetests.BookServiceTests]: no resource found for suffixes {-context.xml, Context.groovy}.
2021-05-23 20:42:23.524  INFO 5332 --- [    Test worker] t.c.s.AnnotationConfigContextLoaderUtils : Could not detect default configuration classes for test class [dev.brown.Book.servicetests.BookServiceTests]: BookServiceTests does not declare any static, non-private, non-final, nested classes annotated with @Configuration.
2021-05-23 20:42:23.551  INFO 5332 --- [    Test worker] .b.t.c.SpringBootTestContextBootstrapper : Found @SpringBootConfiguration dev.brown.Book.BookApplication for test class dev.brown.Book.servicetests.BookServiceTests
2021-05-23 20:42:23.555  INFO 5332 --- [    Test worker] .b.t.c.SpringBootTestContextBootstrapper : Loaded default TestExecutionListener class names from location [META-INF/spring.factories]: [org.springframework.boot.test.autoconfigure.restdocs.RestDocsTestExecutionListener, org.springframework.boot.test.autoconfigure.web.client.MockRestServiceServerResetTestExecutionListener, org.springframework.boot.test.autoconfigure.web.servlet.MockMvcPrintOnlyOnFailureTestExecutionListener, org.springframework.boot.test.autoconfigure.web.servlet.WebDriverTestExecutionListener, org.springframework.boot.test.autoconfigure.webservices.client.MockWebServiceServerTestExecutionListener, org.springframework.boot.test.mock.mockito.MockitoTestExecutionListener, org.springframework.boot.test.mock.mockito.ResetMocksTestExecutionListener, org.springframework.test.context.web.ServletTestExecutionListener, org.springframework.test.context.support.DirtiesContextBeforeModesTestExecutionListener, org.springframework.test.context.event.ApplicationEventsTestExecutionListener, org.springframework.test.context.support.DependencyInjectionTestExecutionListener, org.springframework.test.context.support.DirtiesContextTestExecutionListener, org.springframework.test.context.transaction.TransactionalTestExecutionListener, org.springframework.test.context.jdbc.SqlScriptsTestExecutionListener, org.springframework.test.context.event.EventPublishingTestExecutionListener]
2021-05-23 20:42:23.556  INFO 5332 --- [    Test worker] .b.t.c.SpringBootTestContextBootstrapper : Using TestExecutionListeners: [org.springframework.test.context.web.ServletTestExecutionListener@27956e4d, org.springframework.test.context.support.DirtiesContextBeforeModesTestExecutionListener@299c171, org.springframework.test.context.event.ApplicationEventsTestExecutionListener@140e4184, org.springframework.boot.test.mock.mockito.MockitoTestExecutionListener@5338ff1c, org.springframework.boot.test.autoconfigure.SpringBootDependencyInjectionTestExecutionListener@5fd31430, org.springframework.test.context.support.DirtiesContextTestExecutionListener@130dc4f2, org.springframework.test.context.transaction.TransactionalTestExecutionListener@75e9a576, org.springframework.test.context.jdbc.SqlScriptsTestExecutionListener@61bd64c8, org.springframework.test.context.event.EventPublishingTestExecutionListener@26088e5b, org.springframework.boot.test.autoconfigure.restdocs.RestDocsTestExecutionListener@5b5fe43c, org.springframework.boot.test.autoconfigure.web.client.MockRestServiceServerResetTestExecutionListener@63252834, org.springframework.boot.test.autoconfigure.web.servlet.MockMvcPrintOnlyOnFailureTestExecutionListener@69349bbc, org.springframework.boot.test.autoconfigure.web.servlet.WebDriverTestExecutionListener@bacaa97, org.springframework.boot.test.autoconfigure.webservices.client.MockWebServiceServerTestExecutionListener@2ff6d1da, org.springframework.boot.test.mock.mockito.ResetMocksTestExecutionListener@65d83898]
]]></system-out>
  <system-err><![CDATA[]]></system-err>
</testsuite>
