<?xml version="1.0" encoding="UTF-8"?>
<testsuite name="dev.brown.Book.servicetests.BookServiceTests" tests="5" skipped="0" failures="0" errors="0" timestamp="2021-05-21T20:06:50" hostname="LTUS147465" time="0.054">
  <properties/>
  <testcase name="get_books_by_condition()" classname="dev.brown.Book.servicetests.BookServiceTests" time="0.009"/>
  <testcase name="get_all_books()" classname="dev.brown.Book.servicetests.BookServiceTests" time="0.008"/>
  <testcase name="get_books_by_title()" classname="dev.brown.Book.servicetests.BookServiceTests" time="0.009"/>
  <testcase name="get_books_by_author()" classname="dev.brown.Book.servicetests.BookServiceTests" time="0.011"/>
  <testcase name="get_book_by_id()" classname="dev.brown.Book.servicetests.BookServiceTests" time="0.008"/>
  <system-out><![CDATA[2021-05-21 15:06:50.912  INFO 11888 --- [    Test worker] .b.t.c.SpringBootTestContextBootstrapper : Neither @ContextConfiguration nor @ContextHierarchy found for test class [dev.brown.Book.servicetests.BookServiceTests], using SpringBootContextLoader
2021-05-21 15:06:50.914  INFO 11888 --- [    Test worker] o.s.t.c.support.AbstractContextLoader    : Could not detect default resource locations for test class [dev.brown.Book.servicetests.BookServiceTests]: no resource found for suffixes {-context.xml, Context.groovy}.
2021-05-21 15:06:50.915  INFO 11888 --- [    Test worker] t.c.s.AnnotationConfigContextLoaderUtils : Could not detect default configuration classes for test class [dev.brown.Book.servicetests.BookServiceTests]: BookServiceTests does not declare any static, non-private, non-final, nested classes annotated with @Configuration.
2021-05-21 15:06:50.925  INFO 11888 --- [    Test worker] .b.t.c.SpringBootTestContextBootstrapper : Found @SpringBootConfiguration dev.brown.Book.BookApplication for test class dev.brown.Book.servicetests.BookServiceTests
2021-05-21 15:06:50.933  INFO 11888 --- [    Test worker] .b.t.c.SpringBootTestContextBootstrapper : Loaded default TestExecutionListener class names from location [META-INF/spring.factories]: [org.springframework.boot.test.autoconfigure.restdocs.RestDocsTestExecutionListener, org.springframework.boot.test.autoconfigure.web.client.MockRestServiceServerResetTestExecutionListener, org.springframework.boot.test.autoconfigure.web.servlet.MockMvcPrintOnlyOnFailureTestExecutionListener, org.springframework.boot.test.autoconfigure.web.servlet.WebDriverTestExecutionListener, org.springframework.boot.test.autoconfigure.webservices.client.MockWebServiceServerTestExecutionListener, org.springframework.boot.test.mock.mockito.MockitoTestExecutionListener, org.springframework.boot.test.mock.mockito.ResetMocksTestExecutionListener, org.springframework.test.context.web.ServletTestExecutionListener, org.springframework.test.context.support.DirtiesContextBeforeModesTestExecutionListener, org.springframework.test.context.event.ApplicationEventsTestExecutionListener, org.springframework.test.context.support.DependencyInjectionTestExecutionListener, org.springframework.test.context.support.DirtiesContextTestExecutionListener, org.springframework.test.context.transaction.TransactionalTestExecutionListener, org.springframework.test.context.jdbc.SqlScriptsTestExecutionListener, org.springframework.test.context.event.EventPublishingTestExecutionListener]
2021-05-21 15:06:50.934  INFO 11888 --- [    Test worker] .b.t.c.SpringBootTestContextBootstrapper : Using TestExecutionListeners: [org.springframework.test.context.web.ServletTestExecutionListener@5e3a1b2b, org.springframework.test.context.support.DirtiesContextBeforeModesTestExecutionListener@5164a681, org.springframework.test.context.event.ApplicationEventsTestExecutionListener@69e0c24a, org.springframework.boot.test.mock.mockito.MockitoTestExecutionListener@72a5a953, org.springframework.boot.test.autoconfigure.SpringBootDependencyInjectionTestExecutionListener@7c48076f, org.springframework.test.context.support.DirtiesContextTestExecutionListener@8ecf6c9, org.springframework.test.context.transaction.TransactionalTestExecutionListener@6771870c, org.springframework.test.context.jdbc.SqlScriptsTestExecutionListener@38c14580, org.springframework.test.context.event.EventPublishingTestExecutionListener@48e5e88, org.springframework.boot.test.autoconfigure.restdocs.RestDocsTestExecutionListener@6b3baa6e, org.springframework.boot.test.autoconfigure.web.client.MockRestServiceServerResetTestExecutionListener@1909e2, org.springframework.boot.test.autoconfigure.web.servlet.MockMvcPrintOnlyOnFailureTestExecutionListener@3246a124, org.springframework.boot.test.autoconfigure.web.servlet.WebDriverTestExecutionListener@44cad3fa, org.springframework.boot.test.autoconfigure.webservices.client.MockWebServiceServerTestExecutionListener@721469d7, org.springframework.boot.test.mock.mockito.ResetMocksTestExecutionListener@3a8a386e]
]]></system-out>
  <system-err><![CDATA[]]></system-err>
</testsuite>
