<?xml version="1.0" encoding="UTF-8"?>
<testsuite name="dev.brown.Book.repotests.BookRepoTests" tests="5" skipped="0" failures="0" errors="0" timestamp="2021-05-24T02:11:45" hostname="DESKTOP-422FLEC" time="0.098">
  <properties/>
  <testcase name="get_books_by_condition()" classname="dev.brown.Book.repotests.BookRepoTests" time="0.044"/>
  <testcase name="get_all_books()" classname="dev.brown.Book.repotests.BookRepoTests" time="0.016"/>
  <testcase name="get_books_by_title()" classname="dev.brown.Book.repotests.BookRepoTests" time="0.013"/>
  <testcase name="get_books_by_author()" classname="dev.brown.Book.repotests.BookRepoTests" time="0.012"/>
  <testcase name="get_book_by_id()" classname="dev.brown.Book.repotests.BookRepoTests" time="0.009"/>
  <system-out><![CDATA[2021-05-23 21:11:45.284  INFO 22212 --- [    Test worker] .b.t.c.SpringBootTestContextBootstrapper : Neither @ContextConfiguration nor @ContextHierarchy found for test class [dev.brown.Book.repotests.BookRepoTests], using SpringBootContextLoader
2021-05-23 21:11:45.286  INFO 22212 --- [    Test worker] o.s.t.c.support.AbstractContextLoader    : Could not detect default resource locations for test class [dev.brown.Book.repotests.BookRepoTests]: no resource found for suffixes {-context.xml, Context.groovy}.
2021-05-23 21:11:45.287  INFO 22212 --- [    Test worker] t.c.s.AnnotationConfigContextLoaderUtils : Could not detect default configuration classes for test class [dev.brown.Book.repotests.BookRepoTests]: BookRepoTests does not declare any static, non-private, non-final, nested classes annotated with @Configuration.
2021-05-23 21:11:45.300  INFO 22212 --- [    Test worker] .b.t.c.SpringBootTestContextBootstrapper : Found @SpringBootConfiguration dev.brown.Book.BookApplication for test class dev.brown.Book.repotests.BookRepoTests
2021-05-23 21:11:45.303  INFO 22212 --- [    Test worker] .b.t.c.SpringBootTestContextBootstrapper : Loaded default TestExecutionListener class names from location [META-INF/spring.factories]: [org.springframework.boot.test.autoconfigure.restdocs.RestDocsTestExecutionListener, org.springframework.boot.test.autoconfigure.web.client.MockRestServiceServerResetTestExecutionListener, org.springframework.boot.test.autoconfigure.web.servlet.MockMvcPrintOnlyOnFailureTestExecutionListener, org.springframework.boot.test.autoconfigure.web.servlet.WebDriverTestExecutionListener, org.springframework.boot.test.autoconfigure.webservices.client.MockWebServiceServerTestExecutionListener, org.springframework.boot.test.mock.mockito.MockitoTestExecutionListener, org.springframework.boot.test.mock.mockito.ResetMocksTestExecutionListener, org.springframework.test.context.web.ServletTestExecutionListener, org.springframework.test.context.support.DirtiesContextBeforeModesTestExecutionListener, org.springframework.test.context.event.ApplicationEventsTestExecutionListener, org.springframework.test.context.support.DependencyInjectionTestExecutionListener, org.springframework.test.context.support.DirtiesContextTestExecutionListener, org.springframework.test.context.transaction.TransactionalTestExecutionListener, org.springframework.test.context.jdbc.SqlScriptsTestExecutionListener, org.springframework.test.context.event.EventPublishingTestExecutionListener]
2021-05-23 21:11:45.304  INFO 22212 --- [    Test worker] .b.t.c.SpringBootTestContextBootstrapper : Using TestExecutionListeners: [org.springframework.test.context.web.ServletTestExecutionListener@3a90b8a0, org.springframework.test.context.support.DirtiesContextBeforeModesTestExecutionListener@44cc08f3, org.springframework.test.context.event.ApplicationEventsTestExecutionListener@245ed908, org.springframework.boot.test.mock.mockito.MockitoTestExecutionListener@58e98ea6, org.springframework.boot.test.autoconfigure.SpringBootDependencyInjectionTestExecutionListener@678368a3, org.springframework.test.context.support.DirtiesContextTestExecutionListener@43ac7f30, org.springframework.test.context.transaction.TransactionalTestExecutionListener@116868d4, org.springframework.test.context.jdbc.SqlScriptsTestExecutionListener@5e058e1, org.springframework.test.context.event.EventPublishingTestExecutionListener@795afe8e, org.springframework.boot.test.autoconfigure.restdocs.RestDocsTestExecutionListener@59af4b6a, org.springframework.boot.test.autoconfigure.web.client.MockRestServiceServerResetTestExecutionListener@b53a643, org.springframework.boot.test.autoconfigure.web.servlet.MockMvcPrintOnlyOnFailureTestExecutionListener@cf3c098, org.springframework.boot.test.autoconfigure.web.servlet.WebDriverTestExecutionListener@2273e106, org.springframework.boot.test.autoconfigure.webservices.client.MockWebServiceServerTestExecutionListener@1a40a39, org.springframework.boot.test.mock.mockito.ResetMocksTestExecutionListener@17d3d5f0]
]]></system-out>
  <system-err><![CDATA[]]></system-err>
</testsuite>
