<?xml version="1.0" encoding="UTF-8"?>
<testsuite name="dev.brown.Book.controllertests.BookControllerTests" tests="5" skipped="0" failures="0" errors="0" timestamp="2021-05-24T02:11:44" hostname="DESKTOP-422FLEC" time="0.468">
  <properties/>
  <testcase name="get_books_by_condition()" classname="dev.brown.Book.controllertests.BookControllerTests" time="0.366"/>
  <testcase name="get_all_books()" classname="dev.brown.Book.controllertests.BookControllerTests" time="0.031"/>
  <testcase name="get_books_by_title()" classname="dev.brown.Book.controllertests.BookControllerTests" time="0.026"/>
  <testcase name="get_books_by_author()" classname="dev.brown.Book.controllertests.BookControllerTests" time="0.013"/>
  <testcase name="get_book_by_id()" classname="dev.brown.Book.controllertests.BookControllerTests" time="0.027"/>
  <system-out><![CDATA[2021-05-23 21:11:43.467  INFO 22212 --- [    Test worker] .b.t.c.SpringBootTestContextBootstrapper : Neither @ContextConfiguration nor @ContextHierarchy found for test class [dev.brown.Book.controllertests.BookControllerTests], using SpringBootContextLoader
2021-05-23 21:11:43.469  INFO 22212 --- [    Test worker] o.s.t.c.support.AbstractContextLoader    : Could not detect default resource locations for test class [dev.brown.Book.controllertests.BookControllerTests]: no resource found for suffixes {-context.xml, Context.groovy}.
2021-05-23 21:11:43.470  INFO 22212 --- [    Test worker] t.c.s.AnnotationConfigContextLoaderUtils : Could not detect default configuration classes for test class [dev.brown.Book.controllertests.BookControllerTests]: BookControllerTests does not declare any static, non-private, non-final, nested classes annotated with @Configuration.
2021-05-23 21:11:43.494  INFO 22212 --- [    Test worker] .b.t.c.SpringBootTestContextBootstrapper : Found @SpringBootConfiguration dev.brown.Book.BookApplication for test class dev.brown.Book.controllertests.BookControllerTests
2021-05-23 21:11:43.498  INFO 22212 --- [    Test worker] .b.t.c.SpringBootTestContextBootstrapper : Loaded default TestExecutionListener class names from location [META-INF/spring.factories]: [org.springframework.boot.test.autoconfigure.restdocs.RestDocsTestExecutionListener, org.springframework.boot.test.autoconfigure.web.client.MockRestServiceServerResetTestExecutionListener, org.springframework.boot.test.autoconfigure.web.servlet.MockMvcPrintOnlyOnFailureTestExecutionListener, org.springframework.boot.test.autoconfigure.web.servlet.WebDriverTestExecutionListener, org.springframework.boot.test.autoconfigure.webservices.client.MockWebServiceServerTestExecutionListener, org.springframework.boot.test.mock.mockito.MockitoTestExecutionListener, org.springframework.boot.test.mock.mockito.ResetMocksTestExecutionListener, org.springframework.test.context.web.ServletTestExecutionListener, org.springframework.test.context.support.DirtiesContextBeforeModesTestExecutionListener, org.springframework.test.context.event.ApplicationEventsTestExecutionListener, org.springframework.test.context.support.DependencyInjectionTestExecutionListener, org.springframework.test.context.support.DirtiesContextTestExecutionListener, org.springframework.test.context.transaction.TransactionalTestExecutionListener, org.springframework.test.context.jdbc.SqlScriptsTestExecutionListener, org.springframework.test.context.event.EventPublishingTestExecutionListener]
2021-05-23 21:11:43.499  INFO 22212 --- [    Test worker] .b.t.c.SpringBootTestContextBootstrapper : Using TestExecutionListeners: [org.springframework.test.context.web.ServletTestExecutionListener@310ba3d6, org.springframework.test.context.support.DirtiesContextBeforeModesTestExecutionListener@343fc5e1, org.springframework.test.context.event.ApplicationEventsTestExecutionListener@6291e797, org.springframework.boot.test.mock.mockito.MockitoTestExecutionListener@575897ff, org.springframework.boot.test.autoconfigure.SpringBootDependencyInjectionTestExecutionListener@3b219bd1, org.springframework.test.context.support.DirtiesContextTestExecutionListener@717b4199, org.springframework.test.context.transaction.TransactionalTestExecutionListener@1c3bbd7e, org.springframework.test.context.jdbc.SqlScriptsTestExecutionListener@f4f2669, org.springframework.test.context.event.EventPublishingTestExecutionListener@3887cb42, org.springframework.boot.test.autoconfigure.restdocs.RestDocsTestExecutionListener@135b3242, org.springframework.boot.test.autoconfigure.web.client.MockRestServiceServerResetTestExecutionListener@52cabd1a, org.springframework.boot.test.autoconfigure.web.servlet.MockMvcPrintOnlyOnFailureTestExecutionListener@24c0b544, org.springframework.boot.test.autoconfigure.web.servlet.WebDriverTestExecutionListener@221ba745, org.springframework.boot.test.autoconfigure.webservices.client.MockWebServiceServerTestExecutionListener@68985866, org.springframework.boot.test.mock.mockito.ResetMocksTestExecutionListener@6f3d0a02]

  .   ____          _            __ _ _
 /\\ / ___'_ __ _ _(_)_ __  __ _ \ \ \ \
( ( )\___ | '_ | '_| | '_ \/ _` | \ \ \ \
 \\/  ___)| |_)| | | | | || (_| |  ) ) ) )
  '  |____| .__|_| |_|_| |_\__, | / / / /
 =========|_|==============|___/=/_/_/_/
 :: Spring Boot ::                (v2.4.5)

2021-05-23 21:11:43.567  INFO 22212 --- [    Test worker] d.b.B.c.BookControllerTests              : Starting BookControllerTests using Java 11.0.9.1 on DESKTOP-422FLEC with PID 22212 (started by patty in C:\Users\patty\Desktop\LibraryManagementSystem\book-crud)
2021-05-23 21:11:43.569  INFO 22212 --- [    Test worker] d.b.B.c.BookControllerTests              : No active profile set, falling back to default profiles: default
2021-05-23 21:11:43.575  WARN 22212 --- [    Test worker] o.s.b.c.config.ConfigDataEnvironment     : Property 'spring.profiles' imported from location 'class path resource [application.yaml]' is invalid and should be replaced with 'spring.config.activate.on-profile' [origin: class path resource [application.yaml] - 33:13]
2021-05-23 21:11:43.576  WARN 22212 --- [    Test worker] o.s.b.c.config.ConfigDataEnvironment     : Property 'spring.profiles' imported from location 'class path resource [application.yaml]' is invalid and should be replaced with 'spring.config.activate.on-profile' [origin: class path resource [application.yaml] - 28:13]
2021-05-23 21:11:43.576  WARN 22212 --- [    Test worker] o.s.b.c.config.ConfigDataEnvironment     : Property 'spring.profiles' imported from location 'class path resource [application.yaml]' is invalid and should be replaced with 'spring.config.activate.on-profile' [origin: class path resource [application.yaml] - 22:13]
2021-05-23 21:11:43.827  INFO 22212 --- [    Test worker] .s.d.r.c.RepositoryConfigurationDelegate : Bootstrapping Spring Data JPA repositories in DEFAULT mode.
2021-05-23 21:11:43.834  INFO 22212 --- [    Test worker] .s.d.r.c.RepositoryConfigurationDelegate : Finished Spring Data repository scanning in 7 ms. Found 1 JPA repository interfaces.
2021-05-23 21:11:44.052  INFO 22212 --- [    Test worker] com.zaxxer.hikari.HikariDataSource       : HikariPool-2 - Starting...
2021-05-23 21:11:44.054  INFO 22212 --- [    Test worker] com.zaxxer.hikari.HikariDataSource       : HikariPool-2 - Start completed.
2021-05-23 21:11:44.132  INFO 22212 --- [    Test worker] o.hibernate.jpa.internal.util.LogHelper  : HHH000204: Processing PersistenceUnitInfo [name: default]
2021-05-23 21:11:44.144  INFO 22212 --- [    Test worker] org.hibernate.dialect.Dialect            : HHH000400: Using dialect: org.hibernate.dialect.H2Dialect
2021-05-23 21:11:44.182  INFO 22212 --- [    Test worker] o.h.e.t.j.p.i.JtaPlatformInitiator       : HHH000490: Using JtaPlatform implementation: [org.hibernate.engine.transaction.jta.platform.internal.NoJtaPlatform]
2021-05-23 21:11:44.183  INFO 22212 --- [    Test worker] j.LocalContainerEntityManagerFactoryBean : Initialized JPA EntityManagerFactory for persistence unit 'default'
2021-05-23 21:11:44.405  WARN 22212 --- [    Test worker] JpaBaseConfiguration$JpaWebConfiguration : spring.jpa.open-in-view is enabled by default. Therefore, database queries may be performed during view rendering. Explicitly configure spring.jpa.open-in-view to disable this warning
2021-05-23 21:11:44.524  INFO 22212 --- [    Test worker] o.s.s.concurrent.ThreadPoolTaskExecutor  : Initializing ExecutorService 'applicationTaskExecutor'
2021-05-23 21:11:44.545  INFO 22212 --- [    Test worker] o.s.b.a.h2.H2ConsoleAutoConfiguration    : H2 console available at '/h2'. Database available at 'jdbc:h2:file:~/test'
2021-05-23 21:11:44.797  INFO 22212 --- [    Test worker] o.s.b.t.m.w.SpringBootMockServletContext : Initializing Spring TestDispatcherServlet ''
2021-05-23 21:11:44.797  INFO 22212 --- [    Test worker] o.s.t.web.servlet.TestDispatcherServlet  : Initializing Servlet ''
2021-05-23 21:11:44.799  INFO 22212 --- [    Test worker] o.s.t.web.servlet.TestDispatcherServlet  : Completed initialization in 2 ms
2021-05-23 21:11:44.808  INFO 22212 --- [    Test worker] d.b.B.c.BookControllerTests              : Started BookControllerTests in 1.304 seconds (JVM running for 8.796)
[{"bookId":1,"title":"Harry Potter and the Sorcerers Stone","author":"J. K. Rowling","condition":2},{"bookId":3,"title":"Where the Red Fern Grows","author":"Wilson Rawls","condition":2},{"bookId":4,"title":"Harry Potter and the Goblet of Fire","author":"J. K. Rowling","condition":2},{"bookId":6,"title":"To Kill A Mockingbird","author":"Harper Lee","condition":2}]

MockHttpServletRequest:
      HTTP Method = GET
      Request URI = /books
       Parameters = {}
          Headers = [Accept:"application/json"]
             Body = null
    Session Attrs = {}

Handler:
             Type = dev.brown.Book.controller.BookController
           Method = dev.brown.Book.controller.BookController#getBooks(String, String, Integer)

Async:
    Async started = false
     Async result = null

Resolved Exception:
             Type = null

ModelAndView:
        View name = null
             View = null
            Model = null

FlashMap:
       Attributes = null

MockHttpServletResponse:
           Status = 200
    Error message = null
          Headers = [Content-Type:"application/json"]
     Content type = application/json
             Body = [{"bookId":1,"title":"Harry Potter and the Sorcerers Stone","author":"J. K. Rowling","condition":2},{"bookId":2,"title":"To Kill A Mockingbird","author":"Harper Lee","condition":3},{"bookId":3,"title":"Where the Red Fern Grows","author":"Wilson Rawls","condition":2},{"bookId":4,"title":"Harry Potter and the Goblet of Fire","author":"J. K. Rowling","condition":2},{"bookId":5,"title":"Harry Potter and the Chamber of Secrets","author":"J. K. Rowling","condition":3},{"bookId":6,"title":"To Kill A Mockingbird","author":"Harper Lee","condition":2}]
    Forwarded URL = null
   Redirected URL = null
          Cookies = []
[{"bookId":1,"title":"Harry Potter and the Sorcerers Stone","author":"J. K. Rowling","condition":2},{"bookId":2,"title":"To Kill A Mockingbird","author":"Harper Lee","condition":3},{"bookId":3,"title":"Where the Red Fern Grows","author":"Wilson Rawls","condition":2},{"bookId":4,"title":"Harry Potter and the Goblet of Fire","author":"J. K. Rowling","condition":2},{"bookId":5,"title":"Harry Potter and the Chamber of Secrets","author":"J. K. Rowling","condition":3},{"bookId":6,"title":"To Kill A Mockingbird","author":"Harper Lee","condition":2}]
[{"bookId":2,"title":"To Kill A Mockingbird","author":"Harper Lee","condition":3},{"bookId":6,"title":"To Kill A Mockingbird","author":"Harper Lee","condition":2}]
[{"bookId":1,"title":"Harry Potter and the Sorcerers Stone","author":"J. K. Rowling","condition":2},{"bookId":4,"title":"Harry Potter and the Goblet of Fire","author":"J. K. Rowling","condition":2},{"bookId":5,"title":"Harry Potter and the Chamber of Secrets","author":"J. K. Rowling","condition":3}]
{"bookId":2,"title":"To Kill A Mockingbird","author":"Harper Lee","condition":3}
]]></system-out>
  <system-err><![CDATA[]]></system-err>
</testsuite>
