<?xml version="1.0" encoding="UTF-8"?>
<testsuite name="dev.brown.Book.controllertests.BookControllerTests" tests="5" skipped="0" failures="0" errors="0" timestamp="2021-05-21T19:49:27" hostname="LTUS147465" time="0.95">
  <properties/>
  <testcase name="get_books_by_condition()" classname="dev.brown.Book.controllertests.BookControllerTests" time="0.769"/>
  <testcase name="get_all_books()" classname="dev.brown.Book.controllertests.BookControllerTests" time="0.056"/>
  <testcase name="get_books_by_title()" classname="dev.brown.Book.controllertests.BookControllerTests" time="0.046"/>
  <testcase name="get_books_by_author()" classname="dev.brown.Book.controllertests.BookControllerTests" time="0.018"/>
  <testcase name="get_book_by_id()" classname="dev.brown.Book.controllertests.BookControllerTests" time="0.054"/>
  <system-out><![CDATA[2021-05-21 14:49:23.260  INFO 11884 --- [    Test worker] .b.t.c.SpringBootTestContextBootstrapper : Neither @ContextConfiguration nor @ContextHierarchy found for test class [dev.brown.Book.controllertests.BookControllerTests], using SpringBootContextLoader
2021-05-21 14:49:23.266  INFO 11884 --- [    Test worker] o.s.t.c.support.AbstractContextLoader    : Could not detect default resource locations for test class [dev.brown.Book.controllertests.BookControllerTests]: no resource found for suffixes {-context.xml, Context.groovy}.
2021-05-21 14:49:23.269  INFO 11884 --- [    Test worker] t.c.s.AnnotationConfigContextLoaderUtils : Could not detect default configuration classes for test class [dev.brown.Book.controllertests.BookControllerTests]: BookControllerTests does not declare any static, non-private, non-final, nested classes annotated with @Configuration.
2021-05-21 14:49:23.322  INFO 11884 --- [    Test worker] .b.t.c.SpringBootTestContextBootstrapper : Found @SpringBootConfiguration dev.brown.Book.BookApplication for test class dev.brown.Book.controllertests.BookControllerTests
2021-05-21 14:49:23.335  INFO 11884 --- [    Test worker] .b.t.c.SpringBootTestContextBootstrapper : Loaded default TestExecutionListener class names from location [META-INF/spring.factories]: [org.springframework.boot.test.autoconfigure.restdocs.RestDocsTestExecutionListener, org.springframework.boot.test.autoconfigure.web.client.MockRestServiceServerResetTestExecutionListener, org.springframework.boot.test.autoconfigure.web.servlet.MockMvcPrintOnlyOnFailureTestExecutionListener, org.springframework.boot.test.autoconfigure.web.servlet.WebDriverTestExecutionListener, org.springframework.boot.test.autoconfigure.webservices.client.MockWebServiceServerTestExecutionListener, org.springframework.boot.test.mock.mockito.MockitoTestExecutionListener, org.springframework.boot.test.mock.mockito.ResetMocksTestExecutionListener, org.springframework.test.context.web.ServletTestExecutionListener, org.springframework.test.context.support.DirtiesContextBeforeModesTestExecutionListener, org.springframework.test.context.event.ApplicationEventsTestExecutionListener, org.springframework.test.context.support.DependencyInjectionTestExecutionListener, org.springframework.test.context.support.DirtiesContextTestExecutionListener, org.springframework.test.context.transaction.TransactionalTestExecutionListener, org.springframework.test.context.jdbc.SqlScriptsTestExecutionListener, org.springframework.test.context.event.EventPublishingTestExecutionListener]
2021-05-21 14:49:23.340  INFO 11884 --- [    Test worker] .b.t.c.SpringBootTestContextBootstrapper : Using TestExecutionListeners: [org.springframework.test.context.web.ServletTestExecutionListener@79791406, org.springframework.test.context.support.DirtiesContextBeforeModesTestExecutionListener@7c662a8f, org.springframework.test.context.event.ApplicationEventsTestExecutionListener@212f5196, org.springframework.boot.test.mock.mockito.MockitoTestExecutionListener@38e599cf, org.springframework.boot.test.autoconfigure.SpringBootDependencyInjectionTestExecutionListener@90d73f1, org.springframework.test.context.support.DirtiesContextTestExecutionListener@4472020d, org.springframework.test.context.transaction.TransactionalTestExecutionListener@1f8a58f4, org.springframework.test.context.jdbc.SqlScriptsTestExecutionListener@b35812b, org.springframework.test.context.event.EventPublishingTestExecutionListener@6945e947, org.springframework.boot.test.autoconfigure.restdocs.RestDocsTestExecutionListener@3d73fc08, org.springframework.boot.test.autoconfigure.web.client.MockRestServiceServerResetTestExecutionListener@70f35eaa, org.springframework.boot.test.autoconfigure.web.servlet.MockMvcPrintOnlyOnFailureTestExecutionListener@5768b546, org.springframework.boot.test.autoconfigure.web.servlet.WebDriverTestExecutionListener@11a1713d, org.springframework.boot.test.autoconfigure.webservices.client.MockWebServiceServerTestExecutionListener@33105cbd, org.springframework.boot.test.mock.mockito.ResetMocksTestExecutionListener@59fc527b]

  .   ____          _            __ _ _
 /\\ / ___'_ __ _ _(_)_ __  __ _ \ \ \ \
( ( )\___ | '_ | '_| | '_ \/ _` | \ \ \ \
 \\/  ___)| |_)| | | | | || (_| |  ) ) ) )
  '  |____| .__|_| |_|_| |_\__, | / / / /
 =========|_|==============|___/=/_/_/_/
 :: Spring Boot ::                (v2.4.5)

2021-05-21 14:49:23.502  INFO 11884 --- [    Test worker] d.b.B.c.BookControllerTests              : Starting BookControllerTests using Java 11.0.7 on LTUS147465 with PID 11884 (started by 2014719 in C:\Users\2014719\OneDrive - Cognizant\Desktop\book-crud\book)
2021-05-21 14:49:23.509  INFO 11884 --- [    Test worker] d.b.B.c.BookControllerTests              : No active profile set, falling back to default profiles: default
2021-05-21 14:49:23.515  WARN 11884 --- [    Test worker] o.s.b.c.config.ConfigDataEnvironment     : Property 'spring.profiles' imported from location 'class path resource [application.yaml]' is invalid and should be replaced with 'spring.config.activate.on-profile' [origin: class path resource [application.yaml] - 33:13]
2021-05-21 14:49:23.515  WARN 11884 --- [    Test worker] o.s.b.c.config.ConfigDataEnvironment     : Property 'spring.profiles' imported from location 'class path resource [application.yaml]' is invalid and should be replaced with 'spring.config.activate.on-profile' [origin: class path resource [application.yaml] - 28:13]
2021-05-21 14:49:23.516  WARN 11884 --- [    Test worker] o.s.b.c.config.ConfigDataEnvironment     : Property 'spring.profiles' imported from location 'class path resource [application.yaml]' is invalid and should be replaced with 'spring.config.activate.on-profile' [origin: class path resource [application.yaml] - 22:13]
2021-05-21 14:49:24.478  INFO 11884 --- [    Test worker] .s.d.r.c.RepositoryConfigurationDelegate : Bootstrapping Spring Data JPA repositories in DEFAULT mode.
2021-05-21 14:49:24.495  INFO 11884 --- [    Test worker] .s.d.r.c.RepositoryConfigurationDelegate : Finished Spring Data repository scanning in 16 ms. Found 1 JPA repository interfaces.
2021-05-21 14:49:25.097  INFO 11884 --- [    Test worker] com.zaxxer.hikari.HikariDataSource       : HikariPool-2 - Starting...
2021-05-21 14:49:25.099  INFO 11884 --- [    Test worker] com.zaxxer.hikari.HikariDataSource       : HikariPool-2 - Start completed.
2021-05-21 14:49:25.306  INFO 11884 --- [    Test worker] o.hibernate.jpa.internal.util.LogHelper  : HHH000204: Processing PersistenceUnitInfo [name: default]
2021-05-21 14:49:25.327  INFO 11884 --- [    Test worker] org.hibernate.dialect.Dialect            : HHH000400: Using dialect: org.hibernate.dialect.H2Dialect
2021-05-21 14:49:25.471  INFO 11884 --- [    Test worker] o.h.e.t.j.p.i.JtaPlatformInitiator       : HHH000490: Using JtaPlatform implementation: [org.hibernate.engine.transaction.jta.platform.internal.NoJtaPlatform]
2021-05-21 14:49:25.473  INFO 11884 --- [    Test worker] j.LocalContainerEntityManagerFactoryBean : Initialized JPA EntityManagerFactory for persistence unit 'default'
2021-05-21 14:49:26.126  WARN 11884 --- [    Test worker] JpaBaseConfiguration$JpaWebConfiguration : spring.jpa.open-in-view is enabled by default. Therefore, database queries may be performed during view rendering. Explicitly configure spring.jpa.open-in-view to disable this warning
2021-05-21 14:49:26.493  INFO 11884 --- [    Test worker] o.s.s.concurrent.ThreadPoolTaskExecutor  : Initializing ExecutorService 'applicationTaskExecutor'
2021-05-21 14:49:26.541  INFO 11884 --- [    Test worker] o.s.b.a.h2.H2ConsoleAutoConfiguration    : H2 console available at '/h2'. Database available at 'jdbc:h2:file:~/test'
2021-05-21 14:49:27.330  INFO 11884 --- [    Test worker] o.s.b.t.m.w.SpringBootMockServletContext : Initializing Spring TestDispatcherServlet ''
2021-05-21 14:49:27.330  INFO 11884 --- [    Test worker] o.s.t.web.servlet.TestDispatcherServlet  : Initializing Servlet ''
2021-05-21 14:49:27.335  INFO 11884 --- [    Test worker] o.s.t.web.servlet.TestDispatcherServlet  : Completed initialization in 5 ms
2021-05-21 14:49:27.369  INFO 11884 --- [    Test worker] d.b.B.c.BookControllerTests              : Started BookControllerTests in 4.015 seconds (JVM running for 22.87)
[{"bookId":1,"title":"Harry Potter and the Sorcerers Stone","author":"J. K. Rowling","condition":2},{"bookId":3,"title":"Where the Red Fern Grows","author":"Wilson Rawls","condition":2},{"bookId":4,"title":"Harry Potter and the Goblet of Fire","author":"J. K. Rowling","condition":2},{"bookId":6,"title":"To Kill A Mockingbird","author":"Harper Lee","condition":2}]

MockHttpServletRequest:
      HTTP Method = GET
      Request URI = /books
       Parameters = {}
          Headers = [Accept:"application/json"]
             Body = null
    Session Attrs = {}

Handler:
             Type = dev.brown.Book.controller.BookController
           Method = dev.brown.Book.controller.BookController#getAllBooks(String, String, Integer)

Async:
    Async started = false
     Async result = null

Resolved Exception:
             Type = null

ModelAndView:
        View name = null
             View = null
            Model = null

FlashMap:
       Attributes = null

MockHttpServletResponse:
           Status = 200
    Error message = null
          Headers = [Content-Type:"application/json"]
     Content type = application/json
             Body = [{"bookId":1,"title":"Harry Potter and the Sorcerers Stone","author":"J. K. Rowling","condition":2},{"bookId":2,"title":"To Kill A Mockingbird","author":"Harper Lee","condition":3},{"bookId":3,"title":"Where the Red Fern Grows","author":"Wilson Rawls","condition":2},{"bookId":4,"title":"Harry Potter and the Goblet of Fire","author":"J. K. Rowling","condition":2},{"bookId":5,"title":"Harry Potter and the Chamber of Secrets","author":"J. K. Rowling","condition":3},{"bookId":6,"title":"To Kill A Mockingbird","author":"Harper Lee","condition":2}]
    Forwarded URL = null
   Redirected URL = null
          Cookies = []
[{"bookId":1,"title":"Harry Potter and the Sorcerers Stone","author":"J. K. Rowling","condition":2},{"bookId":2,"title":"To Kill A Mockingbird","author":"Harper Lee","condition":3},{"bookId":3,"title":"Where the Red Fern Grows","author":"Wilson Rawls","condition":2},{"bookId":4,"title":"Harry Potter and the Goblet of Fire","author":"J. K. Rowling","condition":2},{"bookId":5,"title":"Harry Potter and the Chamber of Secrets","author":"J. K. Rowling","condition":3},{"bookId":6,"title":"To Kill A Mockingbird","author":"Harper Lee","condition":2}]
[{"bookId":2,"title":"To Kill A Mockingbird","author":"Harper Lee","condition":3},{"bookId":6,"title":"To Kill A Mockingbird","author":"Harper Lee","condition":2}]
[{"bookId":1,"title":"Harry Potter and the Sorcerers Stone","author":"J. K. Rowling","condition":2},{"bookId":4,"title":"Harry Potter and the Goblet of Fire","author":"J. K. Rowling","condition":2},{"bookId":5,"title":"Harry Potter and the Chamber of Secrets","author":"J. K. Rowling","condition":3}]
{"bookId":2,"title":"To Kill A Mockingbird","author":"Harper Lee","condition":3}
]]></system-out>
  <system-err><![CDATA[]]></system-err>
</testsuite>
